<?xml version="1.0" encoding="UTF-8"?>
<testsuite xmlns:xsi="http://www.w3.org/2001/XMLSchema-instance" xsi:noNamespaceSchemaLocation="https://maven.apache.org/surefire/maven-surefire-plugin/xsd/surefire-test-report-3.0.xsd" version="3.0" name="com.example.user.UserServiceTest" time="0.524" tests="14" errors="0" skipped="0" failures="0">
  <properties>
[...]
</properties>
  <testcase name="loginWrongPassword" classname="com.example.user.UserServiceTest" time="0.478">
    <system-err><![CDATA[WARNING: A Java agent has been loaded dynamically (/Users/helindusenadheera/.m2/repository/net/bytebuddy/byte-buddy-agent/1.15.0/byte-buddy-agent-1.15.0.jar)
WARNING: If a serviceability tool is in use, please run with -XX:+EnableDynamicAgentLoading to hide this warning
WARNING: If a serviceability tool is not in use, please run with -Djdk.instrument.traceUsage for more information
WARNING: Dynamic loading of agents will be disallowed by default in a future release
]]></system-err>
  </testcase>
  <testcase name="invalidEmails(String)[1]" classname="com.example.user.UserServiceTest" time="0.004"/>
  <testcase name="invalidEmails(String)[2]" classname="com.example.user.UserServiceTest" time="0.001"/>
  <testcase name="invalidEmails(String)[3]" classname="com.example.user.UserServiceTest" time="0.001"/>
  <testcase name="invalidEmails(String)[4]" classname="com.example.user.UserServiceTest" time="0.001"/>
  <testcase name="nullRequest" classname="com.example.user.UserServiceTest" time="0.001"/>
  <testcase name="weakPasswords(String)[1]" classname="com.example.user.UserServiceTest" time="0.001"/>
  <testcase name="weakPasswords(String)[2]" classname="com.example.user.UserServiceTest" time="0.001"/>
  <testcase name="weakPasswords(String)[3]" classname="com.example.user.UserServiceTest" time="0.001"/>
  <testcase name="weakPasswords(String)[4]" classname="com.example.user.UserServiceTest" time="0.001"/>
  <testcase name="loginUnknownEmail" classname="com.example.user.UserServiceTest" time="0.002"/>
  <testcase name="registersSuccessfully" classname="com.example.user.UserServiceTest" time="0.003"/>
  <testcase name="duplicateEmail" classname="com.example.user.UserServiceTest" time="0.001"/>
  <testcase name="loginSuccess" classname="com.example.user.UserServiceTest" time="0.004"/>
</testsuite>