<?xml version="1.0" encoding="UTF-8"?>
<testsuite xmlns:xsi="http://www.w3.org/2001/XMLSchema-instance" xsi:noNamespaceSchemaLocation="https://maven.apache.org/surefire/maven-surefire-plugin/xsd/surefire-test-report-3.0.xsd" version="3.0" name="com.example.user.UserServiceTest" time="0.582" tests="15" errors="0" skipped="0" failures="1">
  <properties>
[...]
</properties>
  <testcase name="loginWrongPassword" classname="com.example.user.UserServiceTest" time="0.523">
    <system-err><![CDATA[WARNING: A Java agent has been loaded dynamically (/Users/helindusenadheera/.m2/repository/net/bytebuddy/byte-buddy-agent/1.15.0/byte-buddy-agent-1.15.0.jar)
WARNING: If a serviceability tool is in use, please run with -XX:+EnableDynamicAgentLoading to hide this warning
WARNING: If a serviceability tool is not in use, please run with -Djdk.instrument.traceUsage for more information
WARNING: Dynamic loading of agents will be disallowed by default in a future release
]]></system-err>
  </testcase>
  <testcase name="invalidEmails(String)[1]" classname="com.example.user.UserServiceTest" time="0.005"/>
  <testcase name="invalidEmails(String)[2]" classname="com.example.user.UserServiceTest" time="0.002"/>
  <testcase name="invalidEmails(String)[3]" classname="com.example.user.UserServiceTest" time="0.002"/>
  <testcase name="invalidEmails(String)[4]" classname="com.example.user.UserServiceTest" time="0.001"/>
  <testcase name="nullRequest" classname="com.example.user.UserServiceTest" time="0.001"/>
  <testcase name="weakPasswords(String)[1]" classname="com.example.user.UserServiceTest" time="0.001"/>
  <testcase name="weakPasswords(String)[2]" classname="com.example.user.UserServiceTest" time="0.002"/>
  <testcase name="weakPasswords(String)[3]" classname="com.example.user.UserServiceTest" time="0.001"/>
  <testcase name="weakPasswords(String)[4]" classname="com.example.user.UserServiceTest" time="0.001"/>
  <testcase name="loginUnknownEmail" classname="com.example.user.UserServiceTest" time="0.002"/>
  <testcase name="registersSuccessfully" classname="com.example.user.UserServiceTest" time="0.004"/>
  <testcase name="duplicateEmail" classname="com.example.user.UserServiceTest" time="0.002"/>
  <testcase name="demoFail" classname="com.example.user.UserServiceTest" time="0.004">
    <failure message="This test intentionally fails to show JUnit&apos;s failure report ==&gt; expected: &lt;1&gt; but was: &lt;2&gt;" type="org.opentest4j.AssertionFailedError"><![CDATA[org.opentest4j.AssertionFailedError: This test intentionally fails to show JUnit's failure report ==> expected: <1> but was: <2>
	at org.junit.jupiter.api.AssertionFailureBuilder.build(AssertionFailureBuilder.java:151)
	at org.junit.jupiter.api.AssertionFailureBuilder.buildAndThrow(AssertionFailureBuilder.java:132)
	at org.junit.jupiter.api.AssertEquals.failNotEqual(AssertEquals.java:197)
	at org.junit.jupiter.api.AssertEquals.assertEquals(AssertEquals.java:150)
	at org.junit.jupiter.api.Assertions.assertEquals(Assertions.java:563)
	at com.example.user.UserServiceTest.demoFail(UserServiceTest.java:42)
	at java.base/java.lang.reflect.Method.invoke(Method.java:580)
	at java.base/java.util.ArrayList.forEach(ArrayList.java:1597)
	at java.base/java.util.ArrayList.forEach(ArrayList.java:1597)
]]></failure>
  </testcase>
  <testcase name="loginSuccess" classname="com.example.user.UserServiceTest" time="0.005"/>
</testsuite>